Using pre-set license
Built from '2021.3/staging' branch; Version is '2021.3.9f1 (ad3870b89536) revision 11352176'; Using compiler version '192829333'; Build Type 'Release'
OS: 'Windows 10  (10.0.19044) 64bit Core' Language: 'en' Physical Memory: 16326 MB
BatchMode: 1, IsHumanControllingUs: 0, StartBugReporterOnCrash: 0, Is64bit: 1, IsPro: 1

COMMAND LINE ARGUMENTS:
D:\Program Files\Unity\Editor\2021.3.9f1\Editor\Unity.exe
-adb2
-batchMode
-noUpm
-name
AssetImportWorker1
-projectPath
D:/Users/macie/UnityTestProjs/netcode_char_controller_test
-logFile
Logs/AssetImportWorker1.log
-srvPort
1081
Successfully changed project path to: D:/Users/macie/UnityTestProjs/netcode_char_controller_test
D:/Users/macie/UnityTestProjs/netcode_char_controller_test
[UnityMemory] Configuration Parameters - Can be set up in boot.config
    "memorysetup-bucket-allocator-granularity=16"
    "memorysetup-bucket-allocator-bucket-count=8"
    "memorysetup-bucket-allocator-block-size=33554432"
    "memorysetup-bucket-allocator-block-count=8"
    "memorysetup-main-allocator-block-size=16777216"
    "memorysetup-thread-allocator-block-size=16777216"
    "memorysetup-gfx-main-allocator-block-size=16777216"
    "memorysetup-gfx-thread-allocator-block-size=16777216"
    "memorysetup-cache-allocator-block-size=4194304"
    "memorysetup-typetree-allocator-block-size=2097152"
    "memorysetup-profiler-bucket-allocator-granularity=16"
    "memorysetup-profiler-bucket-allocator-bucket-count=8"
    "memorysetup-profiler-bucket-allocator-block-size=33554432"
    "memorysetup-profiler-bucket-allocator-block-count=8"
    "memorysetup-profiler-allocator-block-size=16777216"
    "memorysetup-profiler-editor-allocator-block-size=1048576"
    "memorysetup-temp-allocator-size-main=16777216"
    "memorysetup-job-temp-allocator-block-size=2097152"
    "memorysetup-job-temp-allocator-block-size-background=1048576"
    "memorysetup-job-temp-allocator-reduction-small-platforms=262144"
    "memorysetup-temp-allocator-size-background-worker=32768"
    "memorysetup-temp-allocator-size-job-worker=262144"
    "memorysetup-temp-allocator-size-preload-manager=33554432"
    "memorysetup-temp-allocator-size-nav-mesh-worker=65536"
    "memorysetup-temp-allocator-size-audio-worker=65536"
    "memorysetup-temp-allocator-size-cloud-worker=32768"
    "memorysetup-temp-allocator-size-gi-baking-worker=262144"
    "memorysetup-temp-allocator-size-gfx=262144"
Refreshing native plugins compatible for Editor in 630.37 ms, found 3 plugins.
Preloading 0 native plugins for Editor in 0.00 ms.
Initialize engine version: 2021.3.9f1 (ad3870b89536)
[Subsystems] Discovering subsystems at path D:/Program Files/Unity/Editor/2021.3.9f1/Editor/Data/Resources/UnitySubsystems
[Subsystems] Discovering subsystems at path D:/Users/macie/UnityTestProjs/netcode_char_controller_test/Assets
GfxDevice: creating device client; threaded=0; jobified=0
Direct3D:
    Version:  Direct3D 11.0 [level 11.1]
    Renderer: NVIDIA GeForce GTX 1070 (ID=0x1b81)
    Vendor:   NVIDIA
    VRAM:     8088 MB
    Driver:   30.0.15.1215
Initialize mono
Mono path[0] = 'D:/Program Files/Unity/Editor/2021.3.9f1/Editor/Data/Managed'
Mono path[1] = 'D:/Program Files/Unity/Editor/2021.3.9f1/Editor/Data/MonoBleedingEdge/lib/mono/unityjit-win32'
Mono config path = 'D:/Program Files/Unity/Editor/2021.3.9f1/Editor/Data/MonoBleedingEdge/etc'
Using monoOptions --debugger-agent=transport=dt_socket,embedding=1,server=y,suspend=n,address=127.0.0.1:56360
Begin MonoManager ReloadAssembly
Registering precompiled unity dll's ...
Register platform support module: D:/Program Files/Unity/Editor/2021.3.9f1/Editor/Data/PlaybackEngines/WindowsStandaloneSupport/UnityEditor.WindowsStandalone.Extensions.dll
Registered in 0.004005 seconds.
Native extension for WindowsStandalone target not found
Refreshing native plugins compatible for Editor in 226.43 ms, found 3 plugins.
Preloading 0 native plugins for Editor in 0.00 ms.
Mono: successfully reloaded assembly
- Completed reload, in  1.475 seconds
Domain Reload Profiling:
	ReloadAssembly (1475ms)
		BeginReloadAssembly (351ms)
			ExecutionOrderSort (0ms)
			DisableScriptedObjects (0ms)
			BackupInstance (0ms)
			ReleaseScriptingObjects (0ms)
			CreateAndSetChildDomain (1ms)
		EndReloadAssembly (1004ms)
			LoadAssemblies (350ms)
			RebuildTransferFunctionScriptingTraits (0ms)
			SetupTypeCache (151ms)
			ReleaseScriptCaches (0ms)
			RebuildScriptCaches (166ms)
			SetupLoadedEditorAssemblies (564ms)
				LogAssemblyErrors (0ms)
				InitializePlatformSupportModulesInManaged (10ms)
				SetLoadedEditorAssemblies (0ms)
				RefreshPlugins (226ms)
				BeforeProcessingInitializeOnLoad (1ms)
				ProcessInitializeOnLoadAttributes (283ms)
				ProcessInitializeOnLoadMethodAttributes (42ms)
				AfterProcessingInitializeOnLoad (0ms)
				EditorAssembliesLoaded (0ms)
			ExecutionOrderSort2 (0ms)
			AwakeInstancesAfterBackupRestoration (0ms)
Platform modules already initialized, skipping
Registering precompiled user dll's ...
Registered in 0.011355 seconds.
Begin MonoManager ReloadAssembly
Symbol file LoadedFromMemory doesn't match image D:\Users\macie\UnityTestProjs\netcode_char_controller_test\Library\PackageCache\com.unity.visualscripting@1.7.8\Editor\VisualScripting.Core\Dependencies\YamlDotNet\Unity.VisualScripting.YamlDotNet.dll
Symbol file LoadedFromMemory doesn't match image D:\Users\macie\UnityTestProjs\netcode_char_controller_test\Library\PackageCache\com.unity.visualscripting@1.7.8\Editor\VisualScripting.Core\Dependencies\DotNetZip\Unity.VisualScripting.IonicZip.dll
Native extension for WindowsStandalone target not found
Refreshing native plugins compatible for Editor in 142.31 ms, found 3 plugins.
Preloading 0 native plugins for Editor in 0.00 ms.
Mono: successfully reloaded assembly
- Completed reload, in  1.818 seconds
Domain Reload Profiling:
	ReloadAssembly (1819ms)
		BeginReloadAssembly (260ms)
			ExecutionOrderSort (0ms)
			DisableScriptedObjects (5ms)
			BackupInstance (0ms)
			ReleaseScriptingObjects (0ms)
			CreateAndSetChildDomain (16ms)
		EndReloadAssembly (1456ms)
			LoadAssemblies (271ms)
			RebuildTransferFunctionScriptingTraits (0ms)
			SetupTypeCache (360ms)
			ReleaseScriptCaches (1ms)
			RebuildScriptCaches (99ms)
			SetupLoadedEditorAssemblies (853ms)
				LogAssemblyErrors (0ms)
				InitializePlatformSupportModulesInManaged (3ms)
				SetLoadedEditorAssemblies (0ms)
				RefreshPlugins (142ms)
				BeforeProcessingInitializeOnLoad (154ms)
				ProcessInitializeOnLoadAttributes (397ms)
				ProcessInitializeOnLoadMethodAttributes (153ms)
				AfterProcessingInitializeOnLoad (3ms)
				EditorAssembliesLoaded (0ms)
			ExecutionOrderSort2 (0ms)
			AwakeInstancesAfterBackupRestoration (4ms)
Platform modules already initialized, skipping
========================================================================
Worker process is ready to serve import requests
Launched and connected shader compiler UnityShaderCompiler.exe after 0.04 seconds
Refreshing native plugins compatible for Editor in 0.94 ms, found 3 plugins.
Preloading 0 native plugins for Editor in 0.00 ms.
Unloading 8006 Unused Serialized files (Serialized files now loaded: 0)
Unloading 77 unused Assets / (3.8 MB). Loaded Objects now: 8449.
Memory consumption went from 341.6 MB to 337.7 MB.
Total: 3.874800 ms (FindLiveObjects: 0.474300 ms CreateObjectMapping: 0.507800 ms MarkObjects: 2.319700 ms  DeleteObjects: 0.572000 ms)

AssetImportParameters requested are different than current active one (requested -> active):
  custom:video-decoder-ogg-theora: a1e56fd34408186e4bbccfd4996cb3dc -> 
  custom:container-muxer-webm: aa71ff27fc2769a1b78a27578f13a17b -> 
  custom:container-demuxer-webm: 4f35f7cbe854078d1ac9338744f61a02 -> 
  custom:video-encoder-webm-vp8: eb34c28f22e8b96e1ab97ce403110664 -> 
  custom:audio-encoder-webm-vorbis: bf7c407c2cedff20999df2af8eb42d56 -> 
  custom:framework-win-MediaFoundation: 216162199b28c13a410421893ffa2e32 -> 
  custom:container-demuxer-ogg: 62fdf1f143b41e24485cea50d1cbac27 -> 
  custom:video-decoder-webm-vp8: 9c59270c3fd7afecdb556c50c9e8de78 -> 
  custom:audio-decoder-ogg-vorbis: bf7c407c2cedff20999df2af8eb42d56 -> 
========================================================================
Received Import Request.
  Time since last request: 236193.769164 seconds.
  path: Assets/Prefabs/Player.prefab
  artifactKey: Guid(98bc4f66885c81740b8b4c63c8bb7e25) Importer(815301076,1909f56bfc062723c751e8b465ee728b)
Start importing Assets/Prefabs/Player.prefab using Guid(98bc4f66885c81740b8b4c63c8bb7e25) Importer(815301076,1909f56bfc062723c751e8b465ee728b)  -> (artifact id: '7121decc2e40cfc859e68178bc3a22a0') in 1.344960 seconds 
========================================================================
Received Import Request.
  Time since last request: 0.000028 seconds.
  path: Assets/PlayerInteraction.cs
  artifactKey: Guid(95913a5914e8f1d4eb536b15b115780f) Importer(815301076,1909f56bfc062723c751e8b465ee728b)
Start importing Assets/PlayerInteraction.cs using Guid(95913a5914e8f1d4eb536b15b115780f) Importer(815301076,1909f56bfc062723c751e8b465ee728b)  -> (artifact id: '0541ec88f6b06304a7e5d0e4de0887d5') in 0.028450 seconds 
========================================================================
Received Import Request.
  Time since last request: 714.088894 seconds.
  path: Assets/New Shader Graph.shadergraph
  artifactKey: Guid(5bbe6df7159f29b4eb82f0422e054332) Importer(815301076,1909f56bfc062723c751e8b465ee728b)
Start importing Assets/New Shader Graph.shadergraph using Guid(5bbe6df7159f29b4eb82f0422e054332) Importer(815301076,1909f56bfc062723c751e8b465ee728b)  -> (artifact id: '0fd406ffc7dc8f1fa133d2efca2b6eec') in 0.008078 seconds 
========================================================================
Received Import Request.
  Time since last request: 12.634671 seconds.
  path: Assets/Outline.shadergraph
  artifactKey: Guid(fcac670899f77414f80849932982590a) Importer(815301076,1909f56bfc062723c751e8b465ee728b)
Start importing Assets/Outline.shadergraph using Guid(fcac670899f77414f80849932982590a) Importer(815301076,1909f56bfc062723c751e8b465ee728b)  -> (artifact id: 'f473b9214cd34a3971b4407a84284fcb') in 0.005889 seconds 
========================================================================
Received Import Request.
  Time since last request: 70.894808 seconds.
  path: Assets/Outline.shadergraph
  artifactKey: Guid(fcac670899f77414f80849932982590a) Importer(815301076,1909f56bfc062723c751e8b465ee728b)
Start importing Assets/Outline.shadergraph using Guid(fcac670899f77414f80849932982590a) Importer(815301076,1909f56bfc062723c751e8b465ee728b)  -> (artifact id: '3d53ee3dad6cf40eddcbf02b39edd651') in 0.003494 seconds 
========================================================================
Received Import Request.
  Time since last request: 20.934976 seconds.
  path: Assets/Outline.shadergraph
  artifactKey: Guid(fcac670899f77414f80849932982590a) Importer(815301076,1909f56bfc062723c751e8b465ee728b)
Start importing Assets/Outline.shadergraph using Guid(fcac670899f77414f80849932982590a) Importer(815301076,1909f56bfc062723c751e8b465ee728b)  -> (artifact id: 'ca7b9fddb584d22fc863dafcfce35c4b') in 0.002900 seconds 
========================================================================
Received Import Request.
  Time since last request: 9077.533792 seconds.
  path: Assets/Outline.shadergraph
  artifactKey: Guid(fcac670899f77414f80849932982590a) Importer(815301076,1909f56bfc062723c751e8b465ee728b)
Start importing Assets/Outline.shadergraph using Guid(fcac670899f77414f80849932982590a) Importer(815301076,1909f56bfc062723c751e8b465ee728b)  -> (artifact id: '15c13fbf00b8f3f50a74ef90824cbd34') in 0.006567 seconds 
========================================================================
Received Import Request.
  Time since last request: 218.102584 seconds.
  path: Assets/Outline.shadergraph
  artifactKey: Guid(fcac670899f77414f80849932982590a) Importer(815301076,1909f56bfc062723c751e8b465ee728b)
Start importing Assets/Outline.shadergraph using Guid(fcac670899f77414f80849932982590a) Importer(815301076,1909f56bfc062723c751e8b465ee728b)  -> (artifact id: 'a7b63e56be92c5c3b24fff7357ad5e94') in 0.004096 seconds 
