Base path: 'D:/Program Files/Unity/Editor/2021.3.9f1/Editor/Data', plugins path 'D:/Program Files/Unity/Editor/2021.3.9f1/Editor/Data/PlaybackEngines'
Cmd: initializeCompiler

Cmd: compileComputeKernel
  insize=8205 file=Packages/com.unity.render-pipelines.high-definition/Runtime/Material/Hair/MultipleScattering/HairMultipleScatteringPreIntegration.compute kernel=Main cachingPP=1 ppOnly=0 stripLineD=0 buildPlatform=19 km=<UNITY_VERSION=202139> pKW=UNITY_ENABLE_REFLECTION_BUFFERS UNITY_USE_DITHER_MASK_FOR_ALPHABLENDED_SHADOWS UNITY_PBS_USE_BRDF1 UNITY_SPECCUBE_BOX_PROJECTION UNITY_SPECCUBE_BLENDING UNITY_ENABLE_DETAIL_NORMALMAP SHADER_API_DESKTOP UNITY_LIGHT_PROBE_PROXY_VOLUME UNITY_LIGHTMAP_FULL_HDR uKW=SHADER_STAGE_COMPUTE platform=d3d11 flags=0 reqs=16385 forceDXC=0 forceFXC=0 ok=1 outsize=13761

Cmd: compileComputeKernel
  insize=859 file=Packages/com.unity.render-pipelines.high-definition/Runtime/Core/CoreResources/GPUCopy.compute kernel=KSampleCopy4_1_x_8 cachingPP=1 ppOnly=0 stripLineD=0 buildPlatform=19 km=<KERNEL_NAME41=KSampleCopy4_1_x_8>,<KERNEL_SIZE=8>,<UNITY_VERSION=202139> pKW=UNITY_ENABLE_REFLECTION_BUFFERS UNITY_USE_DITHER_MASK_FOR_ALPHABLENDED_SHADOWS UNITY_PBS_USE_BRDF1 UNITY_SPECCUBE_BOX_PROJECTION UNITY_SPECCUBE_BLENDING UNITY_ENABLE_DETAIL_NORMALMAP SHADER_API_DESKTOP UNITY_LIGHT_PROBE_PROXY_VOLUME UNITY_LIGHTMAP_FULL_HDR uKW=SHADER_STAGE_COMPUTE platform=d3d11 flags=0 reqs=16385 forceDXC=0 forceFXC=0 ok=1 outsize=578

Cmd: compileComputeKernel
  insize=3623 file=Packages/com.unity.render-pipelines.high-definition/Runtime/Lighting/LightLoop/materialflags.compute kernel=MaterialFlagsGen cachingPP=1 ppOnly=0 stripLineD=0 buildPlatform=19 km=<UNITY_VERSION=202139> pKW=UNITY_ENABLE_REFLECTION_BUFFERS UNITY_USE_DITHER_MASK_FOR_ALPHABLENDED_SHADOWS UNITY_PBS_USE_BRDF1 UNITY_SPECCUBE_BOX_PROJECTION UNITY_SPECCUBE_BLENDING UNITY_ENABLE_DETAIL_NORMALMAP SHADER_API_DESKTOP UNITY_LIGHT_PROBE_PROXY_VOLUME UNITY_LIGHTMAP_FULL_HDR uKW=SHADER_STAGE_COMPUTE platform=d3d11 flags=0 reqs=16385 forceDXC=0 forceFXC=0 ok=1 outsize=4110

Cmd: compileComputeKernel
  insize=10840 file=Packages/com.unity.render-pipelines.high-definition/Runtime/Lighting/LightLoop/Deferred.compute kernel=Deferred_Indirect_Fptl_Variant3 cachingPP=1 ppOnly=0 stripLineD=0 buildPlatform=19 km=<SHADE_OPAQUE_ENTRY=Deferred_Indirect_Fptl_Variant3>,<USE_INDIRECT=1>,<VARIANT=3>,<UNITY_VERSION=202139> pKW=UNITY_ENABLE_REFLECTION_BUFFERS UNITY_USE_DITHER_MASK_FOR_ALPHABLENDED_SHADOWS UNITY_PBS_USE_BRDF1 UNITY_SPECCUBE_BOX_PROJECTION UNITY_SPECCUBE_BLENDING UNITY_ENABLE_DETAIL_NORMALMAP SHADER_API_DESKTOP UNITY_LIGHT_PROBE_PROXY_VOLUME UNITY_LIGHTMAP_FULL_HDR uKW=PROBE_VOLUMES_OFF SCREEN_SPACE_SHADOWS_OFF SHADOW_HIGH SHADER_STAGE_COMPUTE platform=d3d11 flags=0 reqs=16385 forceDXC=0 forceFXC=0 ok=1 outsize=44470

Cmd: compileComputeKernel
  insize=10840 file=Packages/com.unity.render-pipelines.high-definition/Runtime/Lighting/LightLoop/Deferred.compute kernel=Deferred_Indirect_Fptl_Variant6 cachingPP=1 ppOnly=0 stripLineD=0 buildPlatform=19 km=<SHADE_OPAQUE_ENTRY=Deferred_Indirect_Fptl_Variant6>,<USE_INDIRECT=1>,<VARIANT=6>,<UNITY_VERSION=202139> pKW=UNITY_ENABLE_REFLECTION_BUFFERS UNITY_USE_DITHER_MASK_FOR_ALPHABLENDED_SHADOWS UNITY_PBS_USE_BRDF1 UNITY_SPECCUBE_BOX_PROJECTION UNITY_SPECCUBE_BLENDING UNITY_ENABLE_DETAIL_NORMALMAP SHADER_API_DESKTOP UNITY_LIGHT_PROBE_PROXY_VOLUME UNITY_LIGHTMAP_FULL_HDR uKW=PROBE_VOLUMES_OFF SCREEN_SPACE_SHADOWS_OFF SHADOW_HIGH SHADER_STAGE_COMPUTE platform=d3d11 flags=0 reqs=16385 forceDXC=0 forceFXC=0 ok=1 outsize=53447

Cmd: compileComputeKernel
  insize=10840 file=Packages/com.unity.render-pipelines.high-definition/Runtime/Lighting/LightLoop/Deferred.compute kernel=Deferred_Indirect_Fptl_Variant9 cachingPP=1 ppOnly=0 stripLineD=0 buildPlatform=19 km=<SHADE_OPAQUE_ENTRY=Deferred_Indirect_Fptl_Variant9>,<USE_INDIRECT=1>,<VARIANT=9>,<UNITY_VERSION=202139> pKW=UNITY_ENABLE_REFLECTION_BUFFERS UNITY_USE_DITHER_MASK_FOR_ALPHABLENDED_SHADOWS UNITY_PBS_USE_BRDF1 UNITY_SPECCUBE_BOX_PROJECTION UNITY_SPECCUBE_BLENDING UNITY_ENABLE_DETAIL_NORMALMAP SHADER_API_DESKTOP UNITY_LIGHT_PROBE_PROXY_VOLUME UNITY_LIGHTMAP_FULL_HDR uKW=PROBE_VOLUMES_OFF SCREEN_SPACE_SHADOWS_OFF SHADOW_HIGH SHADER_STAGE_COMPUTE platform=d3d11 flags=0 reqs=16385 forceDXC=0 forceFXC=0 ok=1 outsize=63814

Cmd: compileComputeKernel
  insize=10840 file=Packages/com.unity.render-pipelines.high-definition/Runtime/Lighting/LightLoop/Deferred.compute kernel=Deferred_Indirect_Fptl_Variant15 cachingPP=1 ppOnly=0 stripLineD=0 buildPlatform=19 km=<SHADE_OPAQUE_ENTRY=Deferred_Indirect_Fptl_Variant15>,<USE_INDIRECT=1>,<VARIANT=15>,<UNITY_VERSION=202139> pKW=UNITY_ENABLE_REFLECTION_BUFFERS UNITY_USE_DITHER_MASK_FOR_ALPHABLENDED_SHADOWS UNITY_PBS_USE_BRDF1 UNITY_SPECCUBE_BOX_PROJECTION UNITY_SPECCUBE_BLENDING UNITY_ENABLE_DETAIL_NORMALMAP SHADER_API_DESKTOP UNITY_LIGHT_PROBE_PROXY_VOLUME UNITY_LIGHTMAP_FULL_HDR uKW=PROBE_VOLUMES_OFF SCREEN_SPACE_SHADOWS_OFF SHADOW_HIGH SHADER_STAGE_COMPUTE platform=d3d11 flags=0 reqs=16385 forceDXC=0 forceFXC=0 ok=1 outsize=39271

Cmd: compileComputeKernel
  insize=10840 file=Packages/com.unity.render-pipelines.high-definition/Runtime/Lighting/LightLoop/Deferred.compute kernel=Deferred_Indirect_Fptl_Variant18 cachingPP=1 ppOnly=0 stripLineD=0 buildPlatform=19 km=<SHADE_OPAQUE_ENTRY=Deferred_Indirect_Fptl_Variant18>,<USE_INDIRECT=1>,<VARIANT=18>,<UNITY_VERSION=202139> pKW=UNITY_ENABLE_REFLECTION_BUFFERS UNITY_USE_DITHER_MASK_FOR_ALPHABLENDED_SHADOWS UNITY_PBS_USE_BRDF1 UNITY_SPECCUBE_BOX_PROJECTION UNITY_SPECCUBE_BLENDING UNITY_ENABLE_DETAIL_NORMALMAP SHADER_API_DESKTOP UNITY_LIGHT_PROBE_PROXY_VOLUME UNITY_LIGHTMAP_FULL_HDR uKW=PROBE_VOLUMES_OFF SCREEN_SPACE_SHADOWS_OFF SHADOW_HIGH SHADER_STAGE_COMPUTE platform=d3d11 flags=0 reqs=16385 forceDXC=0 forceFXC=0 ok=1 outsize=47299

Cmd: compileComputeKernel
  insize=10840 file=Packages/com.unity.render-pipelines.high-definition/Runtime/Lighting/LightLoop/Deferred.compute kernel=Deferred_Indirect_Fptl_Variant21 cachingPP=1 ppOnly=0 stripLineD=0 buildPlatform=19 km=<SHADE_OPAQUE_ENTRY=Deferred_Indirect_Fptl_Variant21>,<USE_INDIRECT=1>,<VARIANT=21>,<UNITY_VERSION=202139> pKW=UNITY_ENABLE_REFLECTION_BUFFERS UNITY_USE_DITHER_MASK_FOR_ALPHABLENDED_SHADOWS UNITY_PBS_USE_BRDF1 UNITY_SPECCUBE_BOX_PROJECTION UNITY_SPECCUBE_BLENDING UNITY_ENABLE_DETAIL_NORMALMAP SHADER_API_DESKTOP UNITY_LIGHT_PROBE_PROXY_VOLUME UNITY_LIGHTMAP_FULL_HDR uKW=PROBE_VOLUMES_OFF SCREEN_SPACE_SHADOWS_OFF SHADOW_HIGH SHADER_STAGE_COMPUTE platform=d3d11 flags=0 reqs=16385 forceDXC=0 forceFXC=0 ok=1 outsize=58756

Cmd: compileComputeKernel
  insize=10840 file=Packages/com.unity.render-pipelines.high-definition/Runtime/Lighting/LightLoop/Deferred.compute kernel=Deferred_Indirect_Fptl_Variant26 cachingPP=1 ppOnly=0 stripLineD=0 buildPlatform=19 km=<SHADE_OPAQUE_ENTRY=Deferred_Indirect_Fptl_Variant26>,<USE_INDIRECT=1>,<VARIANT=26>,<UNITY_VERSION=202139> pKW=UNITY_ENABLE_REFLECTION_BUFFERS UNITY_USE_DITHER_MASK_FOR_ALPHABLENDED_SHADOWS UNITY_PBS_USE_BRDF1 UNITY_SPECCUBE_BOX_PROJECTION UNITY_SPECCUBE_BLENDING UNITY_ENABLE_DETAIL_NORMALMAP SHADER_API_DESKTOP UNITY_LIGHT_PROBE_PROXY_VOLUME UNITY_LIGHTMAP_FULL_HDR uKW=PROBE_VOLUMES_OFF SCREEN_SPACE_SHADOWS_OFF SHADOW_HIGH SHADER_STAGE_COMPUTE platform=d3d11 flags=0 reqs=16385 forceDXC=0 forceFXC=0 ok=1 outsize=56116

Cmd: initializeCompiler

Cmd: initializeCompiler

Unhandled exception: Protocol error - failed to read magic number (error -2147483644, transferred 0/4)

Quitting shader compiler process
